2018-05-03 21:09:40.296  INFO 11156 --- [main] b.c.b.Application                        : Starting Application on DESKTOP-997EMUC with PID 11156 (D:\w\Itau\AplicacaoSpring\target\classes started by Anderson in D:\w\Itau\AplicacaoSpring)
2018-05-03 21:09:40.313  INFO 11156 --- [main] b.c.b.Application                        : No active profile set, falling back to default profiles: default
2018-05-03 21:09:40.432  INFO 11156 --- [main] ConfigServletWebServerApplicationContext : Refreshing org.springframework.boot.web.servlet.context.AnnotationConfigServletWebServerApplicationContext@28975c28: startup date [Thu May 03 21:09:40 BRT 2018]; root of context hierarchy
2018-05-03 21:09:42.288  INFO 11156 --- [main] o.s.b.w.e.t.TomcatWebServer              : Tomcat initialized with port(s): 8080 (http)
2018-05-03 21:09:42.410  INFO 11156 --- [main] o.a.c.c.StandardService                  : Starting service [Tomcat]
2018-05-03 21:09:42.411  INFO 11156 --- [main] o.a.c.c.StandardEngine                   : Starting Servlet Engine: Apache Tomcat/8.5.29
2018-05-03 21:09:42.429  INFO 11156 --- [localhost-startStop-1] o.a.c.c.AprLifecycleListener             : The APR based Apache Tomcat Native library which allows optimal performance in production environments was not found on the java.library.path: [C:\Program Files\Java\jre1.8.0_161\bin;C:\WINDOWS\Sun\Java\bin;C:\WINDOWS\system32;C:\WINDOWS;C:/Program Files/Java/jre1.8.0_161/bin/server;C:/Program Files/Java/jre1.8.0_161/bin;C:/Program Files/Java/jre1.8.0_161/lib/amd64;C:\ProgramData\Oracle\Java\javapath;C:\Program Files (x86)\Intel\iCLS Client\;C:\Program Files\Intel\iCLS Client\;C:\WINDOWS\system32;C:\WINDOWS;C:\WINDOWS\System32\Wbem;C:\WINDOWS\System32\WindowsPowerShell\v1.0\;C:\Program Files (x86)\Intel\Intel(R) Management Engine Components\DAL;C:\Program Files\Intel\Intel(R) Management Engine Components\DAL;C:\Program Files (x86)\Intel\Intel(R) Management Engine Components\IPT;C:\Program Files\Intel\Intel(R) Management Engine Components\IPT;C:\Program Files\Calibre2\;C:\Program Files\MongoDB\Server\3.2\bin;C:\Program Files\Java\jdk1.8.0_77\bin;C:\Program Files (x86)\Apache\apache-maven-3.3.9\bin;C:\Program Files\cmder\cmder;C:\nodejs\;C:\Program Files\Git\cmd;C:\Users\Anderson\Anaconda2;C:\Users\Anderson\Anaconda2\Scripts;C:\Users\Anderson\Anaconda2\Library\bin;C:\Users\Anderson\AppData\Local\Microsoft\WindowsApps;;C:\Program Files (x86)\Microsoft VS Code\bin;C:\Users\Anderson\AppData\Roaming\npm;C:\Users\Anderson\Desktop;;.]
2018-05-03 21:09:42.583  INFO 11156 --- [localhost-startStop-1] o.a.c.c.C.[.[.[/]                        : Initializing Spring embedded WebApplicationContext
2018-05-03 21:09:42.584  INFO 11156 --- [localhost-startStop-1] o.s.w.c.ContextLoader                    : Root WebApplicationContext: initialization completed in 2156 ms
2018-05-03 21:09:42.827  INFO 11156 --- [localhost-startStop-1] o.s.b.w.s.ServletRegistrationBean        : Servlet dispatcherServlet mapped to [/]
2018-05-03 21:09:42.834  INFO 11156 --- [localhost-startStop-1] o.s.b.w.s.FilterRegistrationBean         : Mapping filter: 'characterEncodingFilter' to: [/*]
2018-05-03 21:09:42.835  INFO 11156 --- [localhost-startStop-1] o.s.b.w.s.FilterRegistrationBean         : Mapping filter: 'hiddenHttpMethodFilter' to: [/*]
2018-05-03 21:09:42.835  INFO 11156 --- [localhost-startStop-1] o.s.b.w.s.FilterRegistrationBean         : Mapping filter: 'httpPutFormContentFilter' to: [/*]
2018-05-03 21:09:42.836  INFO 11156 --- [localhost-startStop-1] o.s.b.w.s.FilterRegistrationBean         : Mapping filter: 'requestContextFilter' to: [/*]
2018-05-03 21:09:43.047  INFO 11156 --- [main] o.s.w.s.h.SimpleUrlHandlerMapping        : Mapped URL path [/**/favicon.ico] onto handler of type [class org.springframework.web.servlet.resource.ResourceHttpRequestHandler]
2018-05-03 21:09:43.389  INFO 11156 --- [main] s.w.s.m.m.a.RequestMappingHandlerAdapter : Looking for @ControllerAdvice: org.springframework.boot.web.servlet.context.AnnotationConfigServletWebServerApplicationContext@28975c28: startup date [Thu May 03 21:09:40 BRT 2018]; root of context hierarchy
2018-05-03 21:09:43.481  INFO 11156 --- [main] s.w.s.m.m.a.RequestMappingHandlerMapping : Mapped "{[/pessoa/{cpf}],methods=[DELETE]}" onto public org.springframework.http.ResponseEntity<?> br.com.baratella.controller.PessoaController.excluirPessoa(java.lang.String)
2018-05-03 21:09:43.482  INFO 11156 --- [main] s.w.s.m.m.a.RequestMappingHandlerMapping : Mapped "{[/pessoas],methods=[GET]}" onto public org.springframework.http.ResponseEntity<java.util.List<br.com.baratella.model.PessoaVO>> br.com.baratella.controller.PessoaController.listarPessoas()
2018-05-03 21:09:43.483  INFO 11156 --- [main] s.w.s.m.m.a.RequestMappingHandlerMapping : Mapped "{[/pessoa/{cpf}],methods=[GET]}" onto public org.springframework.http.ResponseEntity<br.com.baratella.model.PessoaVO> br.com.baratella.controller.PessoaController.buscarPessoa(java.lang.String)
2018-05-03 21:09:43.484  INFO 11156 --- [main] s.w.s.m.m.a.RequestMappingHandlerMapping : Mapped "{[/pessoa],methods=[POST]}" onto public org.springframework.http.ResponseEntity<br.com.baratella.model.PessoaVO> br.com.baratella.controller.PessoaController.adicionarPessoa(br.com.baratella.model.PessoaVO)
2018-05-03 21:09:43.492  INFO 11156 --- [main] s.w.s.m.m.a.RequestMappingHandlerMapping : Mapped "{[/error]}" onto public org.springframework.http.ResponseEntity<java.util.Map<java.lang.String, java.lang.Object>> org.springframework.boot.autoconfigure.web.servlet.error.BasicErrorController.error(javax.servlet.http.HttpServletRequest)
2018-05-03 21:09:43.496  INFO 11156 --- [main] s.w.s.m.m.a.RequestMappingHandlerMapping : Mapped "{[/error],produces=[text/html]}" onto public org.springframework.web.servlet.ModelAndView org.springframework.boot.autoconfigure.web.servlet.error.BasicErrorController.errorHtml(javax.servlet.http.HttpServletRequest,javax.servlet.http.HttpServletResponse)
2018-05-03 21:09:43.533  INFO 11156 --- [main] o.s.w.s.h.SimpleUrlHandlerMapping        : Mapped URL path [/webjars/**] onto handler of type [class org.springframework.web.servlet.resource.ResourceHttpRequestHandler]
2018-05-03 21:09:43.534  INFO 11156 --- [main] o.s.w.s.h.SimpleUrlHandlerMapping        : Mapped URL path [/**] onto handler of type [class org.springframework.web.servlet.resource.ResourceHttpRequestHandler]
2018-05-03 21:09:43.858  INFO 11156 --- [main] o.s.j.e.a.AnnotationMBeanExporter        : Registering beans for JMX exposure on startup
2018-05-03 21:09:43.919  INFO 11156 --- [main] o.s.b.w.e.t.TomcatWebServer              : Tomcat started on port(s): 8080 (http) with context path ''
2018-05-03 21:09:43.925  INFO 11156 --- [main] b.c.b.Application                        : Started Application in 4.315 seconds (JVM running for 5.45)
2018-05-03 21:09:52.072  INFO 11156 --- [http-nio-8080-exec-1] o.a.c.c.C.[.[.[/]                        : Initializing Spring FrameworkServlet 'dispatcherServlet'
2018-05-03 21:09:52.072  INFO 11156 --- [http-nio-8080-exec-1] o.s.w.s.DispatcherServlet                : FrameworkServlet 'dispatcherServlet': initialization started
2018-05-03 21:09:52.100  INFO 11156 --- [http-nio-8080-exec-1] o.s.w.s.DispatcherServlet                : FrameworkServlet 'dispatcherServlet': initialization completed in 28 ms
2018-05-03 21:09:52.168  INFO 11156 --- [http-nio-8080-exec-1] b.c.b.c.PessoaController                 : Buscando a pessoa com cpf Anderson
2018-05-03 21:11:27.092  INFO 14240 --- [main] b.c.b.Application                        : Starting Application on DESKTOP-997EMUC with PID 14240 (D:\w\Itau\AplicacaoSpring\target\classes started by Anderson in D:\w\Itau\AplicacaoSpring)
2018-05-03 21:11:27.101  INFO 14240 --- [main] b.c.b.Application                        : No active profile set, falling back to default profiles: default
2018-05-03 21:11:27.228  INFO 14240 --- [main] ConfigServletWebServerApplicationContext : Refreshing org.springframework.boot.web.servlet.context.AnnotationConfigServletWebServerApplicationContext@3943a2be: startup date [Thu May 03 21:11:27 BRT 2018]; root of context hierarchy
2018-05-03 21:11:29.122  INFO 14240 --- [main] o.s.b.w.e.t.TomcatWebServer              : Tomcat initialized with port(s): 8080 (http)
2018-05-03 21:11:29.208  INFO 14240 --- [main] o.a.c.c.StandardService                  : Starting service [Tomcat]
2018-05-03 21:11:29.209  INFO 14240 --- [main] o.a.c.c.StandardEngine                   : Starting Servlet Engine: Apache Tomcat/8.5.29
2018-05-03 21:11:29.226  INFO 14240 --- [localhost-startStop-1] o.a.c.c.AprLifecycleListener             : The APR based Apache Tomcat Native library which allows optimal performance in production environments was not found on the java.library.path: [C:\Program Files\Java\jre1.8.0_161\bin;C:\WINDOWS\Sun\Java\bin;C:\WINDOWS\system32;C:\WINDOWS;C:/Program Files/Java/jre1.8.0_161/bin/server;C:/Program Files/Java/jre1.8.0_161/bin;C:/Program Files/Java/jre1.8.0_161/lib/amd64;C:\ProgramData\Oracle\Java\javapath;C:\Program Files (x86)\Intel\iCLS Client\;C:\Program Files\Intel\iCLS Client\;C:\WINDOWS\system32;C:\WINDOWS;C:\WINDOWS\System32\Wbem;C:\WINDOWS\System32\WindowsPowerShell\v1.0\;C:\Program Files (x86)\Intel\Intel(R) Management Engine Components\DAL;C:\Program Files\Intel\Intel(R) Management Engine Components\DAL;C:\Program Files (x86)\Intel\Intel(R) Management Engine Components\IPT;C:\Program Files\Intel\Intel(R) Management Engine Components\IPT;C:\Program Files\Calibre2\;C:\Program Files\MongoDB\Server\3.2\bin;C:\Program Files\Java\jdk1.8.0_77\bin;C:\Program Files (x86)\Apache\apache-maven-3.3.9\bin;C:\Program Files\cmder\cmder;C:\nodejs\;C:\Program Files\Git\cmd;C:\Users\Anderson\Anaconda2;C:\Users\Anderson\Anaconda2\Scripts;C:\Users\Anderson\Anaconda2\Library\bin;C:\Users\Anderson\AppData\Local\Microsoft\WindowsApps;;C:\Program Files (x86)\Microsoft VS Code\bin;C:\Users\Anderson\AppData\Roaming\npm;C:\Users\Anderson\Desktop;;.]
2018-05-03 21:11:29.398  INFO 14240 --- [localhost-startStop-1] o.a.c.c.C.[.[.[/]                        : Initializing Spring embedded WebApplicationContext
2018-05-03 21:11:29.399  INFO 14240 --- [localhost-startStop-1] o.s.w.c.ContextLoader                    : Root WebApplicationContext: initialization completed in 2175 ms
2018-05-03 21:11:29.635  INFO 14240 --- [localhost-startStop-1] o.s.b.w.s.ServletRegistrationBean        : Servlet dispatcherServlet mapped to [/]
2018-05-03 21:11:29.644  INFO 14240 --- [localhost-startStop-1] o.s.b.w.s.FilterRegistrationBean         : Mapping filter: 'characterEncodingFilter' to: [/*]
2018-05-03 21:11:29.645  INFO 14240 --- [localhost-startStop-1] o.s.b.w.s.FilterRegistrationBean         : Mapping filter: 'hiddenHttpMethodFilter' to: [/*]
2018-05-03 21:11:29.645  INFO 14240 --- [localhost-startStop-1] o.s.b.w.s.FilterRegistrationBean         : Mapping filter: 'httpPutFormContentFilter' to: [/*]
2018-05-03 21:11:29.646  INFO 14240 --- [localhost-startStop-1] o.s.b.w.s.FilterRegistrationBean         : Mapping filter: 'requestContextFilter' to: [/*]
2018-05-03 21:11:29.894  INFO 14240 --- [main] o.s.w.s.h.SimpleUrlHandlerMapping        : Mapped URL path [/**/favicon.ico] onto handler of type [class org.springframework.web.servlet.resource.ResourceHttpRequestHandler]
2018-05-03 21:11:30.242  INFO 14240 --- [main] s.w.s.m.m.a.RequestMappingHandlerAdapter : Looking for @ControllerAdvice: org.springframework.boot.web.servlet.context.AnnotationConfigServletWebServerApplicationContext@3943a2be: startup date [Thu May 03 21:11:27 BRT 2018]; root of context hierarchy
2018-05-03 21:11:30.348  INFO 14240 --- [main] s.w.s.m.m.a.RequestMappingHandlerMapping : Mapped "{[/pessoa/{cpf}],methods=[GET]}" onto public org.springframework.http.ResponseEntity<br.com.baratella.model.PessoaVO> br.com.baratella.controller.PessoaController.buscarPessoa(java.lang.String)
2018-05-03 21:11:30.350  INFO 14240 --- [main] s.w.s.m.m.a.RequestMappingHandlerMapping : Mapped "{[/pessoas],methods=[GET]}" onto public org.springframework.http.ResponseEntity<java.util.List<br.com.baratella.model.PessoaVO>> br.com.baratella.controller.PessoaController.listarPessoas()
2018-05-03 21:11:30.350  INFO 14240 --- [main] s.w.s.m.m.a.RequestMappingHandlerMapping : Mapped "{[/pessoa/{cpf}],methods=[DELETE]}" onto public org.springframework.http.ResponseEntity<?> br.com.baratella.controller.PessoaController.excluirPessoa(java.lang.String)
2018-05-03 21:11:30.351  INFO 14240 --- [main] s.w.s.m.m.a.RequestMappingHandlerMapping : Mapped "{[/pessoa],methods=[POST]}" onto public org.springframework.http.ResponseEntity<br.com.baratella.model.PessoaVO> br.com.baratella.controller.PessoaController.adicionarPessoa(br.com.baratella.model.PessoaVO)
2018-05-03 21:11:30.357  INFO 14240 --- [main] s.w.s.m.m.a.RequestMappingHandlerMapping : Mapped "{[/error]}" onto public org.springframework.http.ResponseEntity<java.util.Map<java.lang.String, java.lang.Object>> org.springframework.boot.autoconfigure.web.servlet.error.BasicErrorController.error(javax.servlet.http.HttpServletRequest)
2018-05-03 21:11:30.358  INFO 14240 --- [main] s.w.s.m.m.a.RequestMappingHandlerMapping : Mapped "{[/error],produces=[text/html]}" onto public org.springframework.web.servlet.ModelAndView org.springframework.boot.autoconfigure.web.servlet.error.BasicErrorController.errorHtml(javax.servlet.http.HttpServletRequest,javax.servlet.http.HttpServletResponse)
2018-05-03 21:11:30.395  INFO 14240 --- [main] o.s.w.s.h.SimpleUrlHandlerMapping        : Mapped URL path [/webjars/**] onto handler of type [class org.springframework.web.servlet.resource.ResourceHttpRequestHandler]
2018-05-03 21:11:30.395  INFO 14240 --- [main] o.s.w.s.h.SimpleUrlHandlerMapping        : Mapped URL path [/**] onto handler of type [class org.springframework.web.servlet.resource.ResourceHttpRequestHandler]
2018-05-03 21:11:30.761  INFO 14240 --- [main] o.s.j.e.a.AnnotationMBeanExporter        : Registering beans for JMX exposure on startup
2018-05-03 21:11:30.827  INFO 14240 --- [main] o.s.b.w.e.t.TomcatWebServer              : Tomcat started on port(s): 8080 (http) with context path ''
2018-05-03 21:11:30.833  INFO 14240 --- [main] b.c.b.Application                        : Started Application in 4.367 seconds (JVM running for 5.287)
2018-05-03 21:12:51.376  INFO 14240 --- [http-nio-8080-exec-1] o.a.c.c.C.[.[.[/]                        : Initializing Spring FrameworkServlet 'dispatcherServlet'
2018-05-03 21:12:51.376  INFO 14240 --- [http-nio-8080-exec-1] o.s.w.s.DispatcherServlet                : FrameworkServlet 'dispatcherServlet': initialization started
2018-05-03 21:12:51.407  INFO 14240 --- [http-nio-8080-exec-1] o.s.w.s.DispatcherServlet                : FrameworkServlet 'dispatcherServlet': initialization completed in 30 ms
2018-05-03 21:12:51.453  INFO 14240 --- [http-nio-8080-exec-1] b.c.b.c.PessoaController                 : Buscando a pessoa com cpf Anderson
2018-05-03 21:13:00.169  INFO 14240 --- [http-nio-8080-exec-2] b.c.b.c.PessoaController                 : Buscando a pessoa com cpf Anderson
2018-05-03 21:15:04.852  INFO 13368 --- [main] b.c.b.Application                        : Starting Application on DESKTOP-997EMUC with PID 13368 (D:\w\Itau\AplicacaoSpring\target\classes started by Anderson in D:\w\Itau\AplicacaoSpring)
2018-05-03 21:15:04.865  INFO 13368 --- [main] b.c.b.Application                        : No active profile set, falling back to default profiles: default
2018-05-03 21:15:05.027  INFO 13368 --- [main] ConfigServletWebServerApplicationContext : Refreshing org.springframework.boot.web.servlet.context.AnnotationConfigServletWebServerApplicationContext@3cc1435c: startup date [Thu May 03 21:15:05 BRT 2018]; root of context hierarchy
2018-05-03 21:15:07.194  INFO 13368 --- [main] o.s.b.w.e.t.TomcatWebServer              : Tomcat initialized with port(s): 8080 (http)
2018-05-03 21:15:07.261  INFO 13368 --- [main] o.a.c.c.StandardService                  : Starting service [Tomcat]
2018-05-03 21:15:07.262  INFO 13368 --- [main] o.a.c.c.StandardEngine                   : Starting Servlet Engine: Apache Tomcat/8.5.29
2018-05-03 21:15:07.276  INFO 13368 --- [localhost-startStop-1] o.a.c.c.AprLifecycleListener             : The APR based Apache Tomcat Native library which allows optimal performance in production environments was not found on the java.library.path: [C:\Program Files\Java\jre1.8.0_161\bin;C:\WINDOWS\Sun\Java\bin;C:\WINDOWS\system32;C:\WINDOWS;C:/Program Files/Java/jre1.8.0_161/bin/server;C:/Program Files/Java/jre1.8.0_161/bin;C:/Program Files/Java/jre1.8.0_161/lib/amd64;C:\ProgramData\Oracle\Java\javapath;C:\Program Files (x86)\Intel\iCLS Client\;C:\Program Files\Intel\iCLS Client\;C:\WINDOWS\system32;C:\WINDOWS;C:\WINDOWS\System32\Wbem;C:\WINDOWS\System32\WindowsPowerShell\v1.0\;C:\Program Files (x86)\Intel\Intel(R) Management Engine Components\DAL;C:\Program Files\Intel\Intel(R) Management Engine Components\DAL;C:\Program Files (x86)\Intel\Intel(R) Management Engine Components\IPT;C:\Program Files\Intel\Intel(R) Management Engine Components\IPT;C:\Program Files\Calibre2\;C:\Program Files\MongoDB\Server\3.2\bin;C:\Program Files\Java\jdk1.8.0_77\bin;C:\Program Files (x86)\Apache\apache-maven-3.3.9\bin;C:\Program Files\cmder\cmder;C:\nodejs\;C:\Program Files\Git\cmd;C:\Users\Anderson\Anaconda2;C:\Users\Anderson\Anaconda2\Scripts;C:\Users\Anderson\Anaconda2\Library\bin;C:\Users\Anderson\AppData\Local\Microsoft\WindowsApps;;C:\Program Files (x86)\Microsoft VS Code\bin;C:\Users\Anderson\AppData\Roaming\npm;C:\Users\Anderson\Desktop;;.]
2018-05-03 21:15:07.410  INFO 13368 --- [localhost-startStop-1] o.a.c.c.C.[.[.[/]                        : Initializing Spring embedded WebApplicationContext
2018-05-03 21:15:07.411  INFO 13368 --- [localhost-startStop-1] o.s.w.c.ContextLoader                    : Root WebApplicationContext: initialization completed in 2389 ms
2018-05-03 21:15:07.634  INFO 13368 --- [localhost-startStop-1] o.s.b.w.s.ServletRegistrationBean        : Servlet dispatcherServlet mapped to [/]
2018-05-03 21:15:07.641  INFO 13368 --- [localhost-startStop-1] o.s.b.w.s.FilterRegistrationBean         : Mapping filter: 'characterEncodingFilter' to: [/*]
2018-05-03 21:15:07.641  INFO 13368 --- [localhost-startStop-1] o.s.b.w.s.FilterRegistrationBean         : Mapping filter: 'hiddenHttpMethodFilter' to: [/*]
2018-05-03 21:15:07.642  INFO 13368 --- [localhost-startStop-1] o.s.b.w.s.FilterRegistrationBean         : Mapping filter: 'httpPutFormContentFilter' to: [/*]
2018-05-03 21:15:07.642  INFO 13368 --- [localhost-startStop-1] o.s.b.w.s.FilterRegistrationBean         : Mapping filter: 'requestContextFilter' to: [/*]
2018-05-03 21:15:07.793  INFO 13368 --- [main] o.s.w.s.h.SimpleUrlHandlerMapping        : Mapped URL path [/**/favicon.ico] onto handler of type [class org.springframework.web.servlet.resource.ResourceHttpRequestHandler]
2018-05-03 21:15:08.101  INFO 13368 --- [main] s.w.s.m.m.a.RequestMappingHandlerAdapter : Looking for @ControllerAdvice: org.springframework.boot.web.servlet.context.AnnotationConfigServletWebServerApplicationContext@3cc1435c: startup date [Thu May 03 21:15:05 BRT 2018]; root of context hierarchy
2018-05-03 21:15:08.208  INFO 13368 --- [main] s.w.s.m.m.a.RequestMappingHandlerMapping : Mapped "{[/pessoas],methods=[GET]}" onto public org.springframework.http.ResponseEntity<java.util.List<br.com.baratella.model.PessoaVO>> br.com.baratella.controller.PessoaController.listarPessoas()
2018-05-03 21:15:08.209  INFO 13368 --- [main] s.w.s.m.m.a.RequestMappingHandlerMapping : Mapped "{[/pessoa/{cpf}],methods=[GET]}" onto public org.springframework.http.ResponseEntity<br.com.baratella.model.PessoaVO> br.com.baratella.controller.PessoaController.buscarPessoa(java.lang.String)
2018-05-03 21:15:08.210  INFO 13368 --- [main] s.w.s.m.m.a.RequestMappingHandlerMapping : Mapped "{[/pessoa],methods=[POST]}" onto public org.springframework.http.ResponseEntity<br.com.baratella.model.PessoaVO> br.com.baratella.controller.PessoaController.adicionarPessoa(br.com.baratella.model.PessoaVO)
2018-05-03 21:15:08.211  INFO 13368 --- [main] s.w.s.m.m.a.RequestMappingHandlerMapping : Mapped "{[/pessoa/{cpf}],methods=[DELETE]}" onto public org.springframework.http.ResponseEntity<?> br.com.baratella.controller.PessoaController.excluirPessoa(java.lang.String)
2018-05-03 21:15:08.217  INFO 13368 --- [main] s.w.s.m.m.a.RequestMappingHandlerMapping : Mapped "{[/error]}" onto public org.springframework.http.ResponseEntity<java.util.Map<java.lang.String, java.lang.Object>> org.springframework.boot.autoconfigure.web.servlet.error.BasicErrorController.error(javax.servlet.http.HttpServletRequest)
2018-05-03 21:15:08.218  INFO 13368 --- [main] s.w.s.m.m.a.RequestMappingHandlerMapping : Mapped "{[/error],produces=[text/html]}" onto public org.springframework.web.servlet.ModelAndView org.springframework.boot.autoconfigure.web.servlet.error.BasicErrorController.errorHtml(javax.servlet.http.HttpServletRequest,javax.servlet.http.HttpServletResponse)
2018-05-03 21:15:08.255  INFO 13368 --- [main] o.s.w.s.h.SimpleUrlHandlerMapping        : Mapped URL path [/webjars/**] onto handler of type [class org.springframework.web.servlet.resource.ResourceHttpRequestHandler]
2018-05-03 21:15:08.255  INFO 13368 --- [main] o.s.w.s.h.SimpleUrlHandlerMapping        : Mapped URL path [/**] onto handler of type [class org.springframework.web.servlet.resource.ResourceHttpRequestHandler]
2018-05-03 21:15:08.576  INFO 13368 --- [main] o.s.j.e.a.AnnotationMBeanExporter        : Registering beans for JMX exposure on startup
2018-05-03 21:15:08.637  INFO 13368 --- [main] o.s.b.w.e.t.TomcatWebServer              : Tomcat started on port(s): 8080 (http) with context path ''
2018-05-03 21:15:08.644  INFO 13368 --- [main] b.c.b.Application                        : Started Application in 4.439 seconds (JVM running for 5.413)
2018-05-03 21:16:12.049  INFO 12052 --- [main] b.c.b.Application                        : Starting Application on DESKTOP-997EMUC with PID 12052 (D:\w\Itau\AplicacaoSpring\target\classes started by Anderson in D:\w\Itau\AplicacaoSpring)
2018-05-03 21:16:12.058  INFO 12052 --- [main] b.c.b.Application                        : No active profile set, falling back to default profiles: default
2018-05-03 21:16:12.188  INFO 12052 --- [main] ConfigServletWebServerApplicationContext : Refreshing org.springframework.boot.web.servlet.context.AnnotationConfigServletWebServerApplicationContext@36d585c: startup date [Thu May 03 21:16:12 BRT 2018]; root of context hierarchy
2018-05-03 21:16:14.218  INFO 12052 --- [main] o.s.b.w.e.t.TomcatWebServer              : Tomcat initialized with port(s): 8080 (http)
2018-05-03 21:16:14.273  INFO 12052 --- [main] o.a.c.c.StandardService                  : Starting service [Tomcat]
2018-05-03 21:16:14.274  INFO 12052 --- [main] o.a.c.c.StandardEngine                   : Starting Servlet Engine: Apache Tomcat/8.5.29
2018-05-03 21:16:14.290  INFO 12052 --- [localhost-startStop-1] o.a.c.c.AprLifecycleListener             : The APR based Apache Tomcat Native library which allows optimal performance in production environments was not found on the java.library.path: [C:\Program Files\Java\jre1.8.0_161\bin;C:\WINDOWS\Sun\Java\bin;C:\WINDOWS\system32;C:\WINDOWS;C:/Program Files/Java/jre1.8.0_161/bin/server;C:/Program Files/Java/jre1.8.0_161/bin;C:/Program Files/Java/jre1.8.0_161/lib/amd64;C:\ProgramData\Oracle\Java\javapath;C:\Program Files (x86)\Intel\iCLS Client\;C:\Program Files\Intel\iCLS Client\;C:\WINDOWS\system32;C:\WINDOWS;C:\WINDOWS\System32\Wbem;C:\WINDOWS\System32\WindowsPowerShell\v1.0\;C:\Program Files (x86)\Intel\Intel(R) Management Engine Components\DAL;C:\Program Files\Intel\Intel(R) Management Engine Components\DAL;C:\Program Files (x86)\Intel\Intel(R) Management Engine Components\IPT;C:\Program Files\Intel\Intel(R) Management Engine Components\IPT;C:\Program Files\Calibre2\;C:\Program Files\MongoDB\Server\3.2\bin;C:\Program Files\Java\jdk1.8.0_77\bin;C:\Program Files (x86)\Apache\apache-maven-3.3.9\bin;C:\Program Files\cmder\cmder;C:\nodejs\;C:\Program Files\Git\cmd;C:\Users\Anderson\Anaconda2;C:\Users\Anderson\Anaconda2\Scripts;C:\Users\Anderson\Anaconda2\Library\bin;C:\Users\Anderson\AppData\Local\Microsoft\WindowsApps;;C:\Program Files (x86)\Microsoft VS Code\bin;C:\Users\Anderson\AppData\Roaming\npm;C:\Users\Anderson\Desktop;;.]
2018-05-03 21:16:14.448  INFO 12052 --- [localhost-startStop-1] o.a.c.c.C.[.[.[/]                        : Initializing Spring embedded WebApplicationContext
2018-05-03 21:16:14.449  INFO 12052 --- [localhost-startStop-1] o.s.w.c.ContextLoader                    : Root WebApplicationContext: initialization completed in 2265 ms
2018-05-03 21:16:14.691  INFO 12052 --- [localhost-startStop-1] o.s.b.w.s.ServletRegistrationBean        : Servlet dispatcherServlet mapped to [/]
2018-05-03 21:16:14.697  INFO 12052 --- [localhost-startStop-1] o.s.b.w.s.FilterRegistrationBean         : Mapping filter: 'characterEncodingFilter' to: [/*]
2018-05-03 21:16:14.698  INFO 12052 --- [localhost-startStop-1] o.s.b.w.s.FilterRegistrationBean         : Mapping filter: 'hiddenHttpMethodFilter' to: [/*]
2018-05-03 21:16:14.699  INFO 12052 --- [localhost-startStop-1] o.s.b.w.s.FilterRegistrationBean         : Mapping filter: 'httpPutFormContentFilter' to: [/*]
2018-05-03 21:16:14.699  INFO 12052 --- [localhost-startStop-1] o.s.b.w.s.FilterRegistrationBean         : Mapping filter: 'requestContextFilter' to: [/*]
2018-05-03 21:16:14.910  INFO 12052 --- [main] o.s.w.s.h.SimpleUrlHandlerMapping        : Mapped URL path [/**/favicon.ico] onto handler of type [class org.springframework.web.servlet.resource.ResourceHttpRequestHandler]
2018-05-03 21:16:15.247  INFO 12052 --- [main] s.w.s.m.m.a.RequestMappingHandlerAdapter : Looking for @ControllerAdvice: org.springframework.boot.web.servlet.context.AnnotationConfigServletWebServerApplicationContext@36d585c: startup date [Thu May 03 21:16:12 BRT 2018]; root of context hierarchy
2018-05-03 21:16:15.353  INFO 12052 --- [main] s.w.s.m.m.a.RequestMappingHandlerMapping : Mapped "{[/pessoas],methods=[GET]}" onto public org.springframework.http.ResponseEntity<java.util.List<br.com.baratella.model.PessoaVO>> br.com.baratella.controller.PessoaController.listarPessoas()
2018-05-03 21:16:15.355  INFO 12052 --- [main] s.w.s.m.m.a.RequestMappingHandlerMapping : Mapped "{[/pessoa/{cpf}],methods=[GET]}" onto public org.springframework.http.ResponseEntity<br.com.baratella.model.PessoaVO> br.com.baratella.controller.PessoaController.buscarPessoa(java.lang.String)
2018-05-03 21:16:15.356  INFO 12052 --- [main] s.w.s.m.m.a.RequestMappingHandlerMapping : Mapped "{[/pessoa],methods=[POST]}" onto public org.springframework.http.ResponseEntity<br.com.baratella.model.PessoaVO> br.com.baratella.controller.PessoaController.adicionarPessoa(br.com.baratella.model.PessoaVO)
2018-05-03 21:16:15.356  INFO 12052 --- [main] s.w.s.m.m.a.RequestMappingHandlerMapping : Mapped "{[/pessoa/{cpf}],methods=[DELETE]}" onto public org.springframework.http.ResponseEntity<?> br.com.baratella.controller.PessoaController.excluirPessoa(java.lang.String)
2018-05-03 21:16:15.363  INFO 12052 --- [main] s.w.s.m.m.a.RequestMappingHandlerMapping : Mapped "{[/error]}" onto public org.springframework.http.ResponseEntity<java.util.Map<java.lang.String, java.lang.Object>> org.springframework.boot.autoconfigure.web.servlet.error.BasicErrorController.error(javax.servlet.http.HttpServletRequest)
2018-05-03 21:16:15.364  INFO 12052 --- [main] s.w.s.m.m.a.RequestMappingHandlerMapping : Mapped "{[/error],produces=[text/html]}" onto public org.springframework.web.servlet.ModelAndView org.springframework.boot.autoconfigure.web.servlet.error.BasicErrorController.errorHtml(javax.servlet.http.HttpServletRequest,javax.servlet.http.HttpServletResponse)
2018-05-03 21:16:15.401  INFO 12052 --- [main] o.s.w.s.h.SimpleUrlHandlerMapping        : Mapped URL path [/webjars/**] onto handler of type [class org.springframework.web.servlet.resource.ResourceHttpRequestHandler]
2018-05-03 21:16:15.402  INFO 12052 --- [main] o.s.w.s.h.SimpleUrlHandlerMapping        : Mapped URL path [/**] onto handler of type [class org.springframework.web.servlet.resource.ResourceHttpRequestHandler]
2018-05-03 21:16:15.727  INFO 12052 --- [main] o.s.j.e.a.AnnotationMBeanExporter        : Registering beans for JMX exposure on startup
2018-05-03 21:16:15.751 ERROR 12052 --- [main] o.a.c.c.StandardService                  : Failed to start connector [Connector[HTTP/1.1-8080]]

org.apache.catalina.LifecycleException: Failed to start component [Connector[HTTP/1.1-8080]]
	at org.apache.catalina.util.LifecycleBase.start(LifecycleBase.java:167) ~[tomcat-embed-core-8.5.29.jar:8.5.29]
	at org.apache.catalina.core.StandardService.addConnector(StandardService.java:225) [tomcat-embed-core-8.5.29.jar:8.5.29]
	at org.springframework.boot.web.embedded.tomcat.TomcatWebServer.addPreviouslyRemovedConnectors(TomcatWebServer.java:256) [spring-boot-2.0.1.RELEASE.jar:2.0.1.RELEASE]
	at org.springframework.boot.web.embedded.tomcat.TomcatWebServer.start(TomcatWebServer.java:198) [spring-boot-2.0.1.RELEASE.jar:2.0.1.RELEASE]
	at org.springframework.boot.web.servlet.context.ServletWebServerApplicationContext.startWebServer(ServletWebServerApplicationContext.java:300) [spring-boot-2.0.1.RELEASE.jar:2.0.1.RELEASE]
	at org.springframework.boot.web.servlet.context.ServletWebServerApplicationContext.finishRefresh(ServletWebServerApplicationContext.java:162) [spring-boot-2.0.1.RELEASE.jar:2.0.1.RELEASE]
	at org.springframework.context.support.AbstractApplicationContext.refresh(AbstractApplicationContext.java:553) [spring-context-5.0.5.RELEASE.jar:5.0.5.RELEASE]
	at org.springframework.boot.web.servlet.context.ServletWebServerApplicationContext.refresh(ServletWebServerApplicationContext.java:140) [spring-boot-2.0.1.RELEASE.jar:2.0.1.RELEASE]
	at org.springframework.boot.SpringApplication.refresh(SpringApplication.java:759) [spring-boot-2.0.1.RELEASE.jar:2.0.1.RELEASE]
	at org.springframework.boot.SpringApplication.refreshContext(SpringApplication.java:395) [spring-boot-2.0.1.RELEASE.jar:2.0.1.RELEASE]
	at org.springframework.boot.SpringApplication.run(SpringApplication.java:327) [spring-boot-2.0.1.RELEASE.jar:2.0.1.RELEASE]
	at org.springframework.boot.SpringApplication.run(SpringApplication.java:1255) [spring-boot-2.0.1.RELEASE.jar:2.0.1.RELEASE]
	at org.springframework.boot.SpringApplication.run(SpringApplication.java:1243) [spring-boot-2.0.1.RELEASE.jar:2.0.1.RELEASE]
	at br.com.baratella.Application.main(Application.java:21) [classes/:?]
Caused by: org.apache.catalina.LifecycleException: Protocol handler start failed
	at org.apache.catalina.connector.Connector.startInternal(Connector.java:1020) ~[tomcat-embed-core-8.5.29.jar:8.5.29]
	at org.apache.catalina.util.LifecycleBase.start(LifecycleBase.java:150) ~[tomcat-embed-core-8.5.29.jar:8.5.29]
	... 13 more
Caused by: java.net.BindException: Address already in use: bind
	at sun.nio.ch.Net.bind0(Native Method) ~[?:1.8.0_161]
	at sun.nio.ch.Net.bind(Unknown Source) ~[?:1.8.0_161]
	at sun.nio.ch.Net.bind(Unknown Source) ~[?:1.8.0_161]
	at sun.nio.ch.ServerSocketChannelImpl.bind(Unknown Source) ~[?:1.8.0_161]
	at sun.nio.ch.ServerSocketAdaptor.bind(Unknown Source) ~[?:1.8.0_161]
	at org.apache.tomcat.util.net.NioEndpoint.bind(NioEndpoint.java:210) ~[tomcat-embed-core-8.5.29.jar:8.5.29]
	at org.apache.tomcat.util.net.AbstractEndpoint.start(AbstractEndpoint.java:1150) ~[tomcat-embed-core-8.5.29.jar:8.5.29]
	at org.apache.coyote.AbstractProtocol.start(AbstractProtocol.java:591) ~[tomcat-embed-core-8.5.29.jar:8.5.29]
	at org.apache.catalina.connector.Connector.startInternal(Connector.java:1018) ~[tomcat-embed-core-8.5.29.jar:8.5.29]
	at org.apache.catalina.util.LifecycleBase.start(LifecycleBase.java:150) ~[tomcat-embed-core-8.5.29.jar:8.5.29]
	... 13 more

2018-05-03 21:16:15.761  INFO 12052 --- [main] o.a.c.c.StandardService                  : Stopping service [Tomcat]
2018-05-03 21:16:15.841  INFO 12052 --- [main] ConditionEvaluationReportLoggingListener : 

Error starting ApplicationContext. To display the conditions report re-run your application with 'debug' enabled.
2018-05-03 21:16:15.844 ERROR 12052 --- [main] o.s.b.d.LoggingFailureAnalysisReporter   : 

***************************
APPLICATION FAILED TO START
***************************

Description:

The Tomcat connector configured to listen on port 8080 failed to start. The port may already be in use or the connector may be misconfigured.

Action:

Verify the connector's configuration, identify and stop any process that's listening on port 8080, or configure this application to listen on another port.

2018-05-03 21:16:15.846  INFO 12052 --- [main] ConfigServletWebServerApplicationContext : Closing org.springframework.boot.web.servlet.context.AnnotationConfigServletWebServerApplicationContext@36d585c: startup date [Thu May 03 21:16:12 BRT 2018]; root of context hierarchy
2018-05-03 21:16:15.849  INFO 12052 --- [main] o.s.j.e.a.AnnotationMBeanExporter        : Unregistering JMX-exposed beans on shutdown
2018-05-03 21:16:30.066  INFO 3280 --- [main] b.c.b.Application                        : Starting Application on DESKTOP-997EMUC with PID 3280 (D:\w\Itau\AplicacaoSpring\target\classes started by Anderson in D:\w\Itau\AplicacaoSpring)
2018-05-03 21:16:30.077  INFO 3280 --- [main] b.c.b.Application                        : No active profile set, falling back to default profiles: default
2018-05-03 21:16:30.203  INFO 3280 --- [main] ConfigServletWebServerApplicationContext : Refreshing org.springframework.boot.web.servlet.context.AnnotationConfigServletWebServerApplicationContext@dd0c991: startup date [Thu May 03 21:16:30 BRT 2018]; root of context hierarchy
2018-05-03 21:16:32.084  INFO 3280 --- [main] o.s.b.w.e.t.TomcatWebServer              : Tomcat initialized with port(s): 8080 (http)
2018-05-03 21:16:32.133  INFO 3280 --- [main] o.a.c.c.StandardService                  : Starting service [Tomcat]
2018-05-03 21:16:32.134  INFO 3280 --- [main] o.a.c.c.StandardEngine                   : Starting Servlet Engine: Apache Tomcat/8.5.29
2018-05-03 21:16:32.150  INFO 3280 --- [localhost-startStop-1] o.a.c.c.AprLifecycleListener             : The APR based Apache Tomcat Native library which allows optimal performance in production environments was not found on the java.library.path: [C:\Program Files\Java\jre1.8.0_161\bin;C:\WINDOWS\Sun\Java\bin;C:\WINDOWS\system32;C:\WINDOWS;C:/Program Files/Java/jre1.8.0_161/bin/server;C:/Program Files/Java/jre1.8.0_161/bin;C:/Program Files/Java/jre1.8.0_161/lib/amd64;C:\ProgramData\Oracle\Java\javapath;C:\Program Files (x86)\Intel\iCLS Client\;C:\Program Files\Intel\iCLS Client\;C:\WINDOWS\system32;C:\WINDOWS;C:\WINDOWS\System32\Wbem;C:\WINDOWS\System32\WindowsPowerShell\v1.0\;C:\Program Files (x86)\Intel\Intel(R) Management Engine Components\DAL;C:\Program Files\Intel\Intel(R) Management Engine Components\DAL;C:\Program Files (x86)\Intel\Intel(R) Management Engine Components\IPT;C:\Program Files\Intel\Intel(R) Management Engine Components\IPT;C:\Program Files\Calibre2\;C:\Program Files\MongoDB\Server\3.2\bin;C:\Program Files\Java\jdk1.8.0_77\bin;C:\Program Files (x86)\Apache\apache-maven-3.3.9\bin;C:\Program Files\cmder\cmder;C:\nodejs\;C:\Program Files\Git\cmd;C:\Users\Anderson\Anaconda2;C:\Users\Anderson\Anaconda2\Scripts;C:\Users\Anderson\Anaconda2\Library\bin;C:\Users\Anderson\AppData\Local\Microsoft\WindowsApps;;C:\Program Files (x86)\Microsoft VS Code\bin;C:\Users\Anderson\AppData\Roaming\npm;C:\Users\Anderson\Desktop;;.]
2018-05-03 21:16:32.307  INFO 3280 --- [localhost-startStop-1] o.a.c.c.C.[.[.[/]                        : Initializing Spring embedded WebApplicationContext
2018-05-03 21:16:32.308  INFO 3280 --- [localhost-startStop-1] o.s.w.c.ContextLoader                    : Root WebApplicationContext: initialization completed in 2110 ms
2018-05-03 21:16:32.570  INFO 3280 --- [localhost-startStop-1] o.s.b.w.s.ServletRegistrationBean        : Servlet dispatcherServlet mapped to [/]
2018-05-03 21:16:32.576  INFO 3280 --- [localhost-startStop-1] o.s.b.w.s.FilterRegistrationBean         : Mapping filter: 'characterEncodingFilter' to: [/*]
2018-05-03 21:16:32.577  INFO 3280 --- [localhost-startStop-1] o.s.b.w.s.FilterRegistrationBean         : Mapping filter: 'hiddenHttpMethodFilter' to: [/*]
2018-05-03 21:16:32.578  INFO 3280 --- [localhost-startStop-1] o.s.b.w.s.FilterRegistrationBean         : Mapping filter: 'httpPutFormContentFilter' to: [/*]
2018-05-03 21:16:32.578  INFO 3280 --- [localhost-startStop-1] o.s.b.w.s.FilterRegistrationBean         : Mapping filter: 'requestContextFilter' to: [/*]
2018-05-03 21:16:32.801  INFO 3280 --- [main] o.s.w.s.h.SimpleUrlHandlerMapping        : Mapped URL path [/**/favicon.ico] onto handler of type [class org.springframework.web.servlet.resource.ResourceHttpRequestHandler]
2018-05-03 21:16:33.148  INFO 3280 --- [main] s.w.s.m.m.a.RequestMappingHandlerAdapter : Looking for @ControllerAdvice: org.springframework.boot.web.servlet.context.AnnotationConfigServletWebServerApplicationContext@dd0c991: startup date [Thu May 03 21:16:30 BRT 2018]; root of context hierarchy
2018-05-03 21:16:33.259  INFO 3280 --- [main] s.w.s.m.m.a.RequestMappingHandlerMapping : Mapped "{[/pessoa/{cpf}],methods=[GET]}" onto public org.springframework.http.ResponseEntity<br.com.baratella.model.PessoaVO> br.com.baratella.controller.PessoaController.buscarPessoa(java.lang.String)
2018-05-03 21:16:33.261  INFO 3280 --- [main] s.w.s.m.m.a.RequestMappingHandlerMapping : Mapped "{[/pessoas],methods=[GET]}" onto public org.springframework.http.ResponseEntity<java.util.List<br.com.baratella.model.PessoaVO>> br.com.baratella.controller.PessoaController.listarPessoas()
2018-05-03 21:16:33.261  INFO 3280 --- [main] s.w.s.m.m.a.RequestMappingHandlerMapping : Mapped "{[/pessoa/{cpf}],methods=[DELETE]}" onto public org.springframework.http.ResponseEntity<?> br.com.baratella.controller.PessoaController.excluirPessoa(java.lang.String)
2018-05-03 21:16:33.262  INFO 3280 --- [main] s.w.s.m.m.a.RequestMappingHandlerMapping : Mapped "{[/pessoa],methods=[POST]}" onto public org.springframework.http.ResponseEntity<br.com.baratella.model.PessoaVO> br.com.baratella.controller.PessoaController.adicionarPessoa(br.com.baratella.model.PessoaVO)
2018-05-03 21:16:33.269  INFO 3280 --- [main] s.w.s.m.m.a.RequestMappingHandlerMapping : Mapped "{[/error]}" onto public org.springframework.http.ResponseEntity<java.util.Map<java.lang.String, java.lang.Object>> org.springframework.boot.autoconfigure.web.servlet.error.BasicErrorController.error(javax.servlet.http.HttpServletRequest)
2018-05-03 21:16:33.271  INFO 3280 --- [main] s.w.s.m.m.a.RequestMappingHandlerMapping : Mapped "{[/error],produces=[text/html]}" onto public org.springframework.web.servlet.ModelAndView org.springframework.boot.autoconfigure.web.servlet.error.BasicErrorController.errorHtml(javax.servlet.http.HttpServletRequest,javax.servlet.http.HttpServletResponse)
2018-05-03 21:16:33.408  INFO 3280 --- [main] o.s.w.s.h.SimpleUrlHandlerMapping        : Mapped URL path [/webjars/**] onto handler of type [class org.springframework.web.servlet.resource.ResourceHttpRequestHandler]
2018-05-03 21:16:33.409  INFO 3280 --- [main] o.s.w.s.h.SimpleUrlHandlerMapping        : Mapped URL path [/**] onto handler of type [class org.springframework.web.servlet.resource.ResourceHttpRequestHandler]
2018-05-03 21:16:33.697  INFO 3280 --- [main] o.s.j.e.a.AnnotationMBeanExporter        : Registering beans for JMX exposure on startup
2018-05-03 21:16:33.790  INFO 3280 --- [main] o.s.b.w.e.t.TomcatWebServer              : Tomcat started on port(s): 8080 (http) with context path ''
2018-05-03 21:16:33.797  INFO 3280 --- [main] b.c.b.Application                        : Started Application in 4.381 seconds (JVM running for 5.347)
2018-05-03 21:16:39.204  INFO 3280 --- [http-nio-8080-exec-1] o.a.c.c.C.[.[.[/]                        : Initializing Spring FrameworkServlet 'dispatcherServlet'
2018-05-03 21:16:39.205  INFO 3280 --- [http-nio-8080-exec-1] o.s.w.s.DispatcherServlet                : FrameworkServlet 'dispatcherServlet': initialization started
2018-05-03 21:16:39.228  INFO 3280 --- [http-nio-8080-exec-1] o.s.w.s.DispatcherServlet                : FrameworkServlet 'dispatcherServlet': initialization completed in 23 ms
2018-05-03 21:16:39.289  INFO 3280 --- [http-nio-8080-exec-1] b.c.b.c.PessoaController                 : Buscando a pessoa com cpf Anderson
2018-05-03 21:16:47.165  INFO 3280 --- [http-nio-8080-exec-2] b.c.b.c.PessoaController                 : Buscando a pessoa com cpf 11122233344
2018-05-03 21:17:47.088  INFO 7316 --- [main] b.c.b.Application                        : Starting Application on DESKTOP-997EMUC with PID 7316 (D:\w\Itau\AplicacaoSpring\target\classes started by Anderson in D:\w\Itau\AplicacaoSpring)
2018-05-03 21:17:47.106  INFO 7316 --- [main] b.c.b.Application                        : No active profile set, falling back to default profiles: default
2018-05-03 21:17:47.228  INFO 7316 --- [main] ConfigServletWebServerApplicationContext : Refreshing org.springframework.boot.web.servlet.context.AnnotationConfigServletWebServerApplicationContext@ba54932: startup date [Thu May 03 21:17:47 BRT 2018]; root of context hierarchy
2018-05-03 21:17:49.095  INFO 7316 --- [main] o.s.b.w.e.t.TomcatWebServer              : Tomcat initialized with port(s): 8080 (http)
2018-05-03 21:17:49.145  INFO 7316 --- [main] o.a.c.c.StandardService                  : Starting service [Tomcat]
2018-05-03 21:17:49.146  INFO 7316 --- [main] o.a.c.c.StandardEngine                   : Starting Servlet Engine: Apache Tomcat/8.5.29
2018-05-03 21:17:49.160  INFO 7316 --- [localhost-startStop-1] o.a.c.c.AprLifecycleListener             : The APR based Apache Tomcat Native library which allows optimal performance in production environments was not found on the java.library.path: [C:\Program Files\Java\jre1.8.0_161\bin;C:\WINDOWS\Sun\Java\bin;C:\WINDOWS\system32;C:\WINDOWS;C:/Program Files/Java/jre1.8.0_161/bin/server;C:/Program Files/Java/jre1.8.0_161/bin;C:/Program Files/Java/jre1.8.0_161/lib/amd64;C:\ProgramData\Oracle\Java\javapath;C:\Program Files (x86)\Intel\iCLS Client\;C:\Program Files\Intel\iCLS Client\;C:\WINDOWS\system32;C:\WINDOWS;C:\WINDOWS\System32\Wbem;C:\WINDOWS\System32\WindowsPowerShell\v1.0\;C:\Program Files (x86)\Intel\Intel(R) Management Engine Components\DAL;C:\Program Files\Intel\Intel(R) Management Engine Components\DAL;C:\Program Files (x86)\Intel\Intel(R) Management Engine Components\IPT;C:\Program Files\Intel\Intel(R) Management Engine Components\IPT;C:\Program Files\Calibre2\;C:\Program Files\MongoDB\Server\3.2\bin;C:\Program Files\Java\jdk1.8.0_77\bin;C:\Program Files (x86)\Apache\apache-maven-3.3.9\bin;C:\Program Files\cmder\cmder;C:\nodejs\;C:\Program Files\Git\cmd;C:\Users\Anderson\Anaconda2;C:\Users\Anderson\Anaconda2\Scripts;C:\Users\Anderson\Anaconda2\Library\bin;C:\Users\Anderson\AppData\Local\Microsoft\WindowsApps;;C:\Program Files (x86)\Microsoft VS Code\bin;C:\Users\Anderson\AppData\Roaming\npm;C:\Users\Anderson\Desktop;;.]
2018-05-03 21:17:49.320  INFO 7316 --- [localhost-startStop-1] o.a.c.c.C.[.[.[/]                        : Initializing Spring embedded WebApplicationContext
2018-05-03 21:17:49.321  INFO 7316 --- [localhost-startStop-1] o.s.w.c.ContextLoader                    : Root WebApplicationContext: initialization completed in 2098 ms
2018-05-03 21:17:49.525  INFO 7316 --- [localhost-startStop-1] o.s.b.w.s.ServletRegistrationBean        : Servlet dispatcherServlet mapped to [/]
2018-05-03 21:17:49.531  INFO 7316 --- [localhost-startStop-1] o.s.b.w.s.FilterRegistrationBean         : Mapping filter: 'characterEncodingFilter' to: [/*]
2018-05-03 21:17:49.531  INFO 7316 --- [localhost-startStop-1] o.s.b.w.s.FilterRegistrationBean         : Mapping filter: 'hiddenHttpMethodFilter' to: [/*]
2018-05-03 21:17:49.532  INFO 7316 --- [localhost-startStop-1] o.s.b.w.s.FilterRegistrationBean         : Mapping filter: 'httpPutFormContentFilter' to: [/*]
2018-05-03 21:17:49.532  INFO 7316 --- [localhost-startStop-1] o.s.b.w.s.FilterRegistrationBean         : Mapping filter: 'requestContextFilter' to: [/*]
2018-05-03 21:17:49.735  INFO 7316 --- [main] o.s.w.s.h.SimpleUrlHandlerMapping        : Mapped URL path [/**/favicon.ico] onto handler of type [class org.springframework.web.servlet.resource.ResourceHttpRequestHandler]
2018-05-03 21:17:50.107  INFO 7316 --- [main] s.w.s.m.m.a.RequestMappingHandlerAdapter : Looking for @ControllerAdvice: org.springframework.boot.web.servlet.context.AnnotationConfigServletWebServerApplicationContext@ba54932: startup date [Thu May 03 21:17:47 BRT 2018]; root of context hierarchy
2018-05-03 21:17:50.248  INFO 7316 --- [main] s.w.s.m.m.a.RequestMappingHandlerMapping : Mapped "{[/pessoa/{cpf}],methods=[DELETE]}" onto public org.springframework.http.ResponseEntity<?> br.com.baratella.controller.PessoaController.excluirPessoa(java.lang.String)
2018-05-03 21:17:50.249  INFO 7316 --- [main] s.w.s.m.m.a.RequestMappingHandlerMapping : Mapped "{[/pessoas],methods=[GET]}" onto public org.springframework.http.ResponseEntity<java.util.List<br.com.baratella.model.PessoaVO>> br.com.baratella.controller.PessoaController.listarPessoas()
2018-05-03 21:17:50.250  INFO 7316 --- [main] s.w.s.m.m.a.RequestMappingHandlerMapping : Mapped "{[/pessoa/{cpf}],methods=[GET]}" onto public org.springframework.http.ResponseEntity<br.com.baratella.model.PessoaVO> br.com.baratella.controller.PessoaController.buscarPessoa(java.lang.String)
2018-05-03 21:17:50.251  INFO 7316 --- [main] s.w.s.m.m.a.RequestMappingHandlerMapping : Mapped "{[/pessoa],methods=[POST]}" onto public org.springframework.http.ResponseEntity<br.com.baratella.model.PessoaVO> br.com.baratella.controller.PessoaController.adicionarPessoa(br.com.baratella.model.PessoaVO)
2018-05-03 21:17:50.256  INFO 7316 --- [main] s.w.s.m.m.a.RequestMappingHandlerMapping : Mapped "{[/error]}" onto public org.springframework.http.ResponseEntity<java.util.Map<java.lang.String, java.lang.Object>> org.springframework.boot.autoconfigure.web.servlet.error.BasicErrorController.error(javax.servlet.http.HttpServletRequest)
2018-05-03 21:17:50.258  INFO 7316 --- [main] s.w.s.m.m.a.RequestMappingHandlerMapping : Mapped "{[/error],produces=[text/html]}" onto public org.springframework.web.servlet.ModelAndView org.springframework.boot.autoconfigure.web.servlet.error.BasicErrorController.errorHtml(javax.servlet.http.HttpServletRequest,javax.servlet.http.HttpServletResponse)
2018-05-03 21:17:50.301  INFO 7316 --- [main] o.s.w.s.h.SimpleUrlHandlerMapping        : Mapped URL path [/webjars/**] onto handler of type [class org.springframework.web.servlet.resource.ResourceHttpRequestHandler]
2018-05-03 21:17:50.301  INFO 7316 --- [main] o.s.w.s.h.SimpleUrlHandlerMapping        : Mapped URL path [/**] onto handler of type [class org.springframework.web.servlet.resource.ResourceHttpRequestHandler]
2018-05-03 21:17:50.581  INFO 7316 --- [main] o.s.j.e.a.AnnotationMBeanExporter        : Registering beans for JMX exposure on startup
2018-05-03 21:17:50.770  INFO 7316 --- [main] o.s.b.w.e.t.TomcatWebServer              : Tomcat started on port(s): 8080 (http) with context path ''
2018-05-03 21:17:50.775  INFO 7316 --- [main] b.c.b.Application                        : Started Application in 4.363 seconds (JVM running for 5.272)
